[LOG] System::create                           : Header version = 1.10.02. Current version = 1.10.02.
[LOG] Manager::init                            : maxchannels = 256 studioflags = 00000006 flags 00000000 extradriverdata 0000000000000000.
[LOG] SystemI::init                            : FMOD Studio Version: 00011002 (92217)
[LOG] SystemI::init                            : maxchannels = 256, flags = 00020000, extradriverdata = 0000000000000000
[LOG] SystemI::setOutputInternal               : Setting output to type 0
[LOG] SystemI::setOutputInternal               : Setting output to type 8
[LOG] SystemI::setOutputInternal               : Setting output to type 8
[LOG] OutputWASAPI::init                       : Mix Format (WAVEFORMATEX): wFormatTag=0xFFFE, nChannels=2, nSamplesPerSec=48000, nAvgBytesPerSec=384000, nBlockAlign=8, wBitsPerSample=32, cbSize=22.
[LOG] OutputWASAPI::init                       : Mix Format (WAVEFORMATEXTENSIBLE): wValidBitsPerSample=32, dwChannelMask=0x00000003, SubFormat=00000003-0000-0010-8000-00AA00389B71.
[LOG] OutputWASAPI::init                       : Output buffer size: 4096 samples, latency: 10.67ms, period: 10.00ms, DSP buffer: 1024 * 4
[LOG] SystemI::init                            : Create master channel group and master sound group.
[LOG] SystemI::init                            : Set up emulated output.  256 channels
[LOG] SystemI::init                            : create the channel pool
[LOG] SystemI::init                            : create the stream thread
[LOG] Thread::initThread                       : Init FMOD stream thread. Priority: 2, Stack Size: 65536, Semaphore: No, Sleep Time: 10, Looping: Yes.
[LOG] Thread::initThread                       : Init FMOD mixer thread. Priority: 3, Stack Size: 49152, Semaphore: No, Sleep Time: 0, Looping: Yes.
[LOG] AsyncManager::init                       : manager 0000000010B8A9E8 isAsync 0 updatePeriod 0.02
[LOG] AsyncManager::init                       : done
[LOG] PlaybackSystem::init                     : 
[LOG] Thread::initThread                       : Init FMOD Studio sample load thread. Priority: 0, Stack Size: 65536, Semaphore: No, Sleep Time: 1, Looping: No.
[LOG] PlaybackSystem::init                     : done
[LOG] Thread::initThread                       : Init FMOD Studio bank load thread. Priority: 0, Stack Size: 65536, Semaphore: No, Sleep Time: 1, Looping: No.
[LOG] Manager::init                            : done.
[LOG] Manager::readBank                        : fileversion = 80, compatVersion = 70 (oldest = 44, newest = 99)
[LOG] Manager::readBank                        : fileversion = 80, compatVersion = 70 (oldest = 44, newest = 99)
[LOG] Manager::readBank                        : fileversion = 80, compatVersion = 70 (oldest = 44, newest = 99)
[LOG] Manager::readBank                        : fileversion = 80, compatVersion = 70 (oldest = 44, newest = 99)
[LOG] Manager::readBank                        : fileversion = 80, compatVersion = 70 (oldest = 44, newest = 99)
[LOG] Manager::readBank                        : fileversion = 80, compatVersion = 70 (oldest = 44, newest = 99)
[LOG] PlaybackSystem::acquireMasterBus         : Setting master channel group format to 3
[LOG] Manager::readBank                        : fileversion = 80, compatVersion = 70 (oldest = 44, newest = 99)
[LOG] PlaybackSystem::acquireMasterBus         : Setting master channel group format to 3
[LOG] SystemI::createSoundInternal             : filename =  : mode 02000202
[LOG] SystemI::createSoundInternal             : exinfo->cbsize             = 232
[LOG] SystemI::createSoundInternal             : exinfo->length             = 16981984
[LOG] SystemI::createSoundInternal             : exinfo->fileoffset         = 57984
[LOG] SystemI::createSoundInternal             : exinfo->numsubsounds       = 1
[LOG] SystemI::createSoundInternal             : exinfo->inclusionlist      = 00000000438EF5FC
[LOG] SystemI::createSoundInternal             : exinfo->inclusionlistnum   = 1
[LOG] SystemI::createSoundInternal             : exinfo->suggestedsoundtype = 5
[LOG] SystemI::createSoundInternal             : exinfo->useropen           = 000007FEDB424F00
[LOG] SystemI::createSoundInternal             : exinfo->userclose          = 000007FEDB424ED0
[LOG] SystemI::createSoundInternal             : exinfo->userread           = 000007FEDB424FD0
[LOG] SystemI::createSoundInternal             : exinfo->userseek           = 000007FEDB425080
[LOG] SystemI::createSoundInternal             : exinfo->fileuserdata       = 000000000BD9E3D8
[LOG] SystemI::createSoundInternal             : exinfo->initialseekpostype = 1
[LOG] SystemI::DSPCodecPoolRegister            : register codec pool for pool type 5
[LOG] SystemI::createSoundInternal             : Format has 1 subsounds.
[LOG] SystemI::createSoundInternal             : Create as FMOD_CREATESAMPLE
[LOG] SystemI::createSoundInternal             : Multi-sample sound (1 subsounds), create a sample container.
[LOG] SystemI::createSoundInternal             : creating subsound 0/1
[LOG] SystemI::createSample                    : mode 02000202 length 36000 samples, lengthbytes 15328
[LOG] SystemI::createSample                    : channels = 2
[LOG] SystemI::createSample                    : output = 000000003DA3F318
[LOG] OutputSoftware::createSample             : lengthpcm 36000, lengthbytes 15328, channels 2, format 2, freq 48000, mode 0200020a
[LOG] SystemI::createSoundInternal             : No name found in file, use filename.
[LOG] SystemI::createSoundInternal             : done.  OpenState now = FMOD_OPENSTATE_READY.

[LOG] SystemI::createSoundInternal             : filename =  : mode 02000202
[LOG] SystemI::createSoundInternal             : exinfo->cbsize             = 232
[LOG] SystemI::createSoundInternal             : exinfo->length             = 16981984
[LOG] SystemI::createSoundInternal             : exinfo->fileoffset         = 57984
[LOG] SystemI::createSoundInternal             : exinfo->numsubsounds       = 1
[LOG] SystemI::createSoundInternal             : exinfo->inclusionlist      = 00000000438EF5FC
[LOG] SystemI::createSoundInternal             : exinfo->inclusionlistnum   = 1
[LOG] SystemI::createSoundInternal             : exinfo->suggestedsoundtype = 5
[LOG] SystemI::createSoundInternal             : exinfo->useropen           = 000007FEDB424F00
[LOG] SystemI::createSoundInternal             : exinfo->userclose          = 000007FEDB424ED0
[LOG] SystemI::createSoundInternal             : exinfo->userread           = 000007FEDB424FD0
[LOG] SystemI::createSoundInternal             : exinfo->userseek           = 000007FEDB425080
[LOG] SystemI::createSoundInternal             : exinfo->fileuserdata       = 000000000BD9E3D8
[LOG] SystemI::createSoundInternal             : exinfo->initialseekpostype = 1
[LOG] SystemI::DSPCodecPoolRegister            : register codec pool for pool type 5
[LOG] SystemI::createSoundInternal             : Format has 1 subsounds.
[LOG] SystemI::createSoundInternal             : Create as FMOD_CREATESAMPLE
[LOG] SystemI::createSoundInternal             : Multi-sample sound (1 subsounds), create a sample container.
[LOG] SystemI::createSoundInternal             : creating subsound 0/1
[LOG] SystemI::createSample                    : mode 02000202 length 31655 samples, lengthbytes 13440
[LOG] SystemI::createSample                    : channels = 2
[LOG] SystemI::createSample                    : output = 000000003DA3F318
[LOG] OutputSoftware::createSample             : lengthpcm 31655, lengthbytes 13440, channels 2, format 2, freq 48000, mode 0200020a
[LOG] SystemI::createSoundInternal             : No name found in file, use filename.
[LOG] SystemI::createSoundInternal             : done.  OpenState now = FMOD_OPENSTATE_READY.

[LOG] SystemI::createSoundInternal             : filename =  : mode 02000202
[LOG] SystemI::createSoundInternal             : exinfo->cbsize             = 232
[LOG] SystemI::createSoundInternal             : exinfo->length             = 16981984
[LOG] SystemI::createSoundInternal             : exinfo->fileoffset         = 57984
[LOG] SystemI::createSoundInternal             : exinfo->numsubsounds       = 1
[LOG] SystemI::createSoundInternal             : exinfo->inclusionlist      = 00000000438EF5FC
[LOG] SystemI::createSoundInternal             : exinfo->inclusionlistnum   = 1
[LOG] SystemI::createSoundInternal             : exinfo->suggestedsoundtype = 5
[LOG] SystemI::createSoundInternal             : exinfo->useropen           = 000007FEDB424F00
[LOG] SystemI::createSoundInternal             : exinfo->userclose          = 000007FEDB424ED0
[LOG] SystemI::createSoundInternal             : exinfo->userread           = 000007FEDB424FD0
[LOG] SystemI::createSoundInternal             : exinfo->userseek           = 000007FEDB425080
[LOG] SystemI::createSoundInternal             : exinfo->fileuserdata       = 000000000BD9E3D8
[LOG] SystemI::createSoundInternal             : exinfo->initialseekpostype = 1
[LOG] SystemI::DSPCodecPoolRegister            : register codec pool for pool type 5
[LOG] SystemI::createSoundInternal             : Format has 1 subsounds.
[LOG] SystemI::createSoundInternal             : Create as FMOD_CREATESAMPLE
[LOG] SystemI::createSoundInternal             : Multi-sample sound (1 subsounds), create a sample container.
[LOG] SystemI::createSoundInternal             : creating subsound 0/1
[LOG] SystemI::createSample                    : mode 02000202 length 18203 samples, lengthbytes 5184
[LOG] SystemI::createSample                    : channels = 1
[LOG] SystemI::createSample                    : output = 000000003DA3F318
[LOG] OutputSoftware::createSample             : lengthpcm 18203, lengthbytes 5184, channels 1, format 2, freq 48000, mode 0200020a
[LOG] SystemI::createSoundInternal             : No name found in file, use filename.
[LOG] SystemI::createSoundInternal             : done.  OpenState now = FMOD_OPENSTATE_READY.

[LOG] SystemI::createSoundInternal             : filename =  : mode 02000202
[LOG] SystemI::createSoundInternal             : exinfo->cbsize             = 232
[LOG] SystemI::createSoundInternal             : exinfo->length             = 16981984
[LOG] SystemI::createSoundInternal             : exinfo->fileoffset         = 57984
[LOG] SystemI::createSoundInternal             : exinfo->numsubsounds       = 1
[LOG] SystemI::createSoundInternal             : exinfo->inclusionlist      = 00000000438EF5FC
[LOG] SystemI::createSoundInternal             : exinfo->inclusionlistnum   = 1
[LOG] SystemI::createSoundInternal             : exinfo->suggestedsoundtype = 5
[LOG] SystemI::createSoundInternal             : exinfo->useropen           = 000007FEDB424F00
[LOG] SystemI::createSoundInternal             : exinfo->userclose          = 000007FEDB424ED0
[LOG] SystemI::createSoundInternal             : exinfo->userread           = 000007FEDB424FD0
[LOG] SystemI::createSoundInternal             : exinfo->userseek           = 000007FEDB425080
[LOG] SystemI::createSoundInternal             : exinfo->fileuserdata       = 000000000BD9E3D8
[LOG] SystemI::createSoundInternal             : exinfo->initialseekpostype = 1
[LOG] SystemI::DSPCodecPoolRegister            : register codec pool for pool type 5
[LOG] SystemI::createSoundInternal             : Format has 1 subsounds.
[LOG] SystemI::createSoundInternal             : Create as FMOD_CREATESAMPLE
[LOG] SystemI::createSoundInternal             : Multi-sample sound (1 subsounds), create a sample container.
[LOG] SystemI::createSoundInternal             : creating subsound 0/1
[LOG] SystemI::createSample                    : mode 02000202 length 30000 samples, lengthbytes 12160
[LOG] SystemI::createSample                    : channels = 2
[LOG] SystemI::createSample                    : output = 000000003DA3F318
[LOG] OutputSoftware::createSample             : lengthpcm 30000, lengthbytes 12160, channels 2, format 2, freq 48000, mode 0200020a
[LOG] SystemI::createSoundInternal             : No name found in file, use filename.
[LOG] SystemI::createSoundInternal             : done.  OpenState now = FMOD_OPENSTATE_READY.

[LOG] SystemI::createSoundInternal             : filename =  : mode 02000202
[LOG] SystemI::createSoundInternal             : exinfo->cbsize             = 232
[LOG] SystemI::createSoundInternal             : exinfo->length             = 16981984
[LOG] SystemI::createSoundInternal             : exinfo->fileoffset         = 57984
[LOG] SystemI::createSoundInternal             : exinfo->numsubsounds       = 1
[LOG] SystemI::createSoundInternal             : exinfo->inclusionlist      = 00000000438EF5FC
[LOG] SystemI::createSoundInternal             : exinfo->inclusionlistnum   = 1
[LOG] SystemI::createSoundInternal             : exinfo->suggestedsoundtype = 5
[LOG] SystemI::createSoundInternal             : exinfo->useropen           = 000007FEDB424F00
[LOG] SystemI::createSoundInternal             : exinfo->userclose          = 000007FEDB424ED0
[LOG] SystemI::createSoundInternal             : exinfo->userread           = 000007FEDB424FD0
[LOG] SystemI::createSoundInternal             : exinfo->userseek           = 000007FEDB425080
[LOG] SystemI::createSoundInternal             : exinfo->fileuserdata       = 000000000BD9E3D8
[LOG] SystemI::createSoundInternal             : exinfo->initialseekpostype = 1
[LOG] SystemI::DSPCodecPoolRegister            : register codec pool for pool type 5
[LOG] SystemI::createSoundInternal             : Format has 1 subsounds.
[LOG] SystemI::createSoundInternal             : Create as FMOD_CREATESAMPLE
[LOG] SystemI::createSoundInternal             : Multi-sample sound (1 subsounds), create a sample container.
[LOG] SystemI::createSoundInternal             : creating subsound 0/1
[LOG] SystemI::createSample                    : mode 02000202 length 36000 samples, lengthbytes 15680
[LOG] SystemI::createSample                    : channels = 2
[LOG] SystemI::createSample                    : output = 000000003DA3F318
[LOG] OutputSoftware::createSample             : lengthpcm 36000, lengthbytes 15680, channels 2, format 2, freq 48000, mode 0200020a
[LOG] SystemI::createSoundInternal             : No name found in file, use filename.
[LOG] SystemI::createSoundInternal             : done.  OpenState now = FMOD_OPENSTATE_READY.

[LOG] SoundI::release                          :  (000000000F22CD48)
[LOG] SoundI::release                          : release subsounds. (000000000F22CD48)
[LOG] SoundI::release                          :     GGJ_2018_IMPACT_DASH_DINO_ARGH_01 (0000000010B34EA8)
[LOG] SoundI::release                          :     done
[LOG] SoundI::release                          : release codec. (000000000F22CD48)
[LOG] SoundI::release                          : done
[LOG] SoundI::release                          :  (000000000F22C788)
[LOG] SoundI::release                          : release subsounds. (000000000F22C788)
[LOG] SoundI::release                          :     GGJ_2018_IMPACT_DASH_DINO_ARGH_02 (0000000010B34B68)
[LOG] SoundI::release                          :     done
[LOG] SoundI::release                          : release codec. (000000000F22C788)
[LOG] SoundI::release                          : done
[LOG] SoundI::release                          :  (000000000F22CA68)
[LOG] SoundI::release                          : release subsounds. (000000000F22CA68)
[LOG] SoundI::release                          :     GGJ_2018_IMPACT_DASH_DINO_ARGH_03 (0000000010B349C8)
[LOG] SoundI::release                          :     done
[LOG] SoundI::release                          : release codec. (000000000F22CA68)
[LOG] SoundI::release                          : done
[LOG] SoundI::release                          :  (000000000F22CEB8)
[LOG] SoundI::release                          : release subsounds. (000000000F22CEB8)
[LOG] SoundI::release                          :     GGJ_2018_IMPACT_DASH_DINO_ARGH_04 (0000000010B35048)
[LOG] SoundI::release                          :     done
[LOG] SoundI::release                          : release codec. (000000000F22CEB8)
[LOG] SoundI::release                          : done
[LOG] SoundI::release                          :  (000000000F22CBD8)
[LOG] SoundI::release                          : release subsounds. (000000000F22CBD8)
[LOG] SoundI::release                          :     GGJ_2018_FOCUS_DINO (0000000010B34D08)
[LOG] SoundI::release                          :     done
[LOG] SoundI::release                          : release codec. (000000000F22CBD8)
[LOG] SoundI::release                          : done
[LOG] Manager::readBank                        : fileversion = 80, compatVersion = 70 (oldest = 44, newest = 99)
[LOG] PlaybackSystem::acquireMasterBus         : Setting master channel group format to 3
[LOG] SystemI::createSoundInternal             : filename =  : mode 02000202
[LOG] SystemI::createSoundInternal             : exinfo->cbsize             = 232
[LOG] SystemI::createSoundInternal             : exinfo->length             = 16981984
[LOG] SystemI::createSoundInternal             : exinfo->fileoffset         = 57984
[LOG] SystemI::createSoundInternal             : exinfo->numsubsounds       = 1
[LOG] SystemI::createSoundInternal             : exinfo->inclusionlist      = 00000000438EF5FC
[LOG] SystemI::createSoundInternal             : exinfo->inclusionlistnum   = 1
[LOG] SystemI::createSoundInternal             : exinfo->suggestedsoundtype = 5
[LOG] SystemI::createSoundInternal             : exinfo->useropen           = 000007FEDB424F00
[LOG] SystemI::createSoundInternal             : exinfo->userclose          = 000007FEDB424ED0
[LOG] SystemI::createSoundInternal             : exinfo->userread           = 000007FEDB424FD0
[LOG] SystemI::createSoundInternal             : exinfo->userseek           = 000007FEDB425080
[LOG] SystemI::createSoundInternal             : exinfo->fileuserdata       = 000000000BD9E3D8
[LOG] SystemI::createSoundInternal             : exinfo->initialseekpostype = 1
[LOG] SystemI::DSPCodecPoolRegister            : register codec pool for pool type 5
[LOG] SystemI::createSoundInternal             : Format has 1 subsounds.
[LOG] SystemI::createSoundInternal             : Create as FMOD_CREATESAMPLE
[LOG] SystemI::createSoundInternal             : Multi-sample sound (1 subsounds), create a sample container.
[LOG] SystemI::createSoundInternal             : creating subsound 0/1
[LOG] SystemI::createSample                    : mode 02000202 length 36000 samples, lengthbytes 15328
[LOG] SystemI::createSample                    : channels = 2
[LOG] SystemI::createSample                    : output = 000000003DA3F318
[LOG] OutputSoftware::createSample             : lengthpcm 36000, lengthbytes 15328, channels 2, format 2, freq 48000, mode 0200020a
[LOG] SystemI::createSoundInternal             : No name found in file, use filename.
[LOG] SystemI::createSoundInternal             : done.  OpenState now = FMOD_OPENSTATE_READY.

[LOG] SystemI::createSoundInternal             : filename =  : mode 02000202
[LOG] SystemI::createSoundInternal             : exinfo->cbsize             = 232
[LOG] SystemI::createSoundInternal             : exinfo->length             = 16981984
[LOG] SystemI::createSoundInternal             : exinfo->fileoffset         = 57984
[LOG] SystemI::createSoundInternal             : exinfo->numsubsounds       = 1
[LOG] SystemI::createSoundInternal             : exinfo->inclusionlist      = 00000000438EF5FC
[LOG] SystemI::createSoundInternal             : exinfo->inclusionlistnum   = 1
[LOG] SystemI::createSoundInternal             : exinfo->suggestedsoundtype = 5
[LOG] SystemI::createSoundInternal             : exinfo->useropen           = 000007FEDB424F00
[LOG] SystemI::createSoundInternal             : exinfo->userclose          = 000007FEDB424ED0
[LOG] SystemI::createSoundInternal             : exinfo->userread           = 000007FEDB424FD0
[LOG] SystemI::createSoundInternal             : exinfo->userseek           = 000007FEDB425080
[LOG] SystemI::createSoundInternal             : exinfo->fileuserdata       = 000000000BD9E3D8
[LOG] SystemI::createSoundInternal             : exinfo->initialseekpostype = 1
[LOG] SystemI::DSPCodecPoolRegister            : register codec pool for pool type 5
[LOG] SystemI::createSoundInternal             : Format has 1 subsounds.
[LOG] SystemI::createSoundInternal             : Create as FMOD_CREATESAMPLE
[LOG] SystemI::createSoundInternal             : Multi-sample sound (1 subsounds), create a sample container.
[LOG] SystemI::createSoundInternal             : creating subsound 0/1
[LOG] SystemI::createSample                    : mode 02000202 length 31655 samples, lengthbytes 13440
[LOG] SystemI::createSample                    : channels = 2
[LOG] SystemI::createSample                    : output = 000000003DA3F318
[LOG] OutputSoftware::createSample             : lengthpcm 31655, lengthbytes 13440, channels 2, format 2, freq 48000, mode 0200020a
[LOG] SystemI::createSoundInternal             : No name found in file, use filename.
[LOG] SystemI::createSoundInternal             : done.  OpenState now = FMOD_OPENSTATE_READY.

[LOG] SystemI::createSoundInternal             : filename =  : mode 02000202
[LOG] SystemI::createSoundInternal             : exinfo->cbsize             = 232
[LOG] SystemI::createSoundInternal             : exinfo->length             = 16981984
[LOG] SystemI::createSoundInternal             : exinfo->fileoffset         = 57984
[LOG] SystemI::createSoundInternal             : exinfo->numsubsounds       = 1
[LOG] SystemI::createSoundInternal             : exinfo->inclusionlist      = 00000000438EF5FC
[LOG] SystemI::createSoundInternal             : exinfo->inclusionlistnum   = 1
[LOG] SystemI::createSoundInternal             : exinfo->suggestedsoundtype = 5
[LOG] SystemI::createSoundInternal             : exinfo->useropen           = 000007FEDB424F00
[LOG] SystemI::createSoundInternal             : exinfo->userclose          = 000007FEDB424ED0
[LOG] SystemI::createSoundInternal             : exinfo->userread           = 000007FEDB424FD0
[LOG] SystemI::createSoundInternal             : exinfo->userseek           = 000007FEDB425080
[LOG] SystemI::createSoundInternal             : exinfo->fileuserdata       = 000000000BD9E3D8
[LOG] SystemI::createSoundInternal             : exinfo->initialseekpostype = 1
[LOG] SystemI::DSPCodecPoolRegister            : register codec pool for pool type 5
[LOG] SystemI::createSoundInternal             : Format has 1 subsounds.
[LOG] SystemI::createSoundInternal             : Create as FMOD_CREATESAMPLE
[LOG] SystemI::createSoundInternal             : Multi-sample sound (1 subsounds), create a sample container.
[LOG] SystemI::createSoundInternal             : creating subsound 0/1
[LOG] SystemI::createSample                    : mode 02000202 length 18203 samples, lengthbytes 5184
[LOG] SystemI::createSample                    : channels = 1
[LOG] SystemI::createSample                    : output = 000000003DA3F318
[LOG] OutputSoftware::createSample             : lengthpcm 18203, lengthbytes 5184, channels 1, format 2, freq 48000, mode 0200020a
[LOG] SystemI::createSoundInternal             : No name found in file, use filename.
[LOG] SystemI::createSoundInternal             : done.  OpenState now = FMOD_OPENSTATE_READY.

[LOG] SystemI::createSoundInternal             : filename =  : mode 02000202
[LOG] SystemI::createSoundInternal             : exinfo->cbsize             = 232
[LOG] SystemI::createSoundInternal             : exinfo->length             = 16981984
[LOG] SystemI::createSoundInternal             : exinfo->fileoffset         = 57984
[LOG] SystemI::createSoundInternal             : exinfo->numsubsounds       = 1
[LOG] SystemI::createSoundInternal             : exinfo->inclusionlist      = 00000000438EF5FC
[LOG] SystemI::createSoundInternal             : exinfo->inclusionlistnum   = 1
[LOG] SystemI::createSoundInternal             : exinfo->suggestedsoundtype = 5
[LOG] SystemI::createSoundInternal             : exinfo->useropen           = 000007FEDB424F00
[LOG] SystemI::createSoundInternal             : exinfo->userclose          = 000007FEDB424ED0
[LOG] SystemI::createSoundInternal             : exinfo->userread           = 000007FEDB424FD0
[LOG] SystemI::createSoundInternal             : exinfo->userseek           = 000007FEDB425080
[LOG] SystemI::createSoundInternal             : exinfo->fileuserdata       = 000000000BD9E3D8
[LOG] SystemI::createSoundInternal             : exinfo->initialseekpostype = 1
[LOG] SystemI::DSPCodecPoolRegister            : register codec pool for pool type 5
[LOG] SystemI::createSoundInternal             : Format has 1 subsounds.
[LOG] SystemI::createSoundInternal             : Create as FMOD_CREATESAMPLE
[LOG] SystemI::createSoundInternal             : Multi-sample sound (1 subsounds), create a sample container.
[LOG] SystemI::createSoundInternal             : creating subsound 0/1
[LOG] SystemI::createSample                    : mode 02000202 length 30000 samples, lengthbytes 12160
[LOG] SystemI::createSample                    : channels = 2
[LOG] SystemI::createSample                    : output = 000000003DA3F318
[LOG] OutputSoftware::createSample             : lengthpcm 30000, lengthbytes 12160, channels 2, format 2, freq 48000, mode 0200020a
[LOG] SystemI::createSoundInternal             : No name found in file, use filename.
[LOG] SystemI::createSoundInternal             : done.  OpenState now = FMOD_OPENSTATE_READY.

[LOG] SystemI::createSoundInternal             : filename =  : mode 02000202
[LOG] SystemI::createSoundInternal             : exinfo->cbsize             = 232
[LOG] SystemI::createSoundInternal             : exinfo->length             = 16981984
[LOG] SystemI::createSoundInternal             : exinfo->fileoffset         = 57984
[LOG] SystemI::createSoundInternal             : exinfo->numsubsounds       = 1
[LOG] SystemI::createSoundInternal             : exinfo->inclusionlist      = 00000000438EF5FC
[LOG] SystemI::createSoundInternal             : exinfo->inclusionlistnum   = 1
[LOG] SystemI::createSoundInternal             : exinfo->suggestedsoundtype = 5
[LOG] SystemI::createSoundInternal             : exinfo->useropen           = 000007FEDB424F00
[LOG] SystemI::createSoundInternal             : exinfo->userclose          = 000007FEDB424ED0
[LOG] SystemI::createSoundInternal             : exinfo->userread           = 000007FEDB424FD0
[LOG] SystemI::createSoundInternal             : exinfo->userseek           = 000007FEDB425080
[LOG] SystemI::createSoundInternal             : exinfo->fileuserdata       = 000000000BD9E3D8
[LOG] SystemI::createSoundInternal             : exinfo->initialseekpostype = 1
[LOG] SystemI::DSPCodecPoolRegister            : register codec pool for pool type 5
[LOG] SystemI::createSoundInternal             : Format has 1 subsounds.
[LOG] SystemI::createSoundInternal             : Create as FMOD_CREATESAMPLE
[LOG] SystemI::createSoundInternal             : Multi-sample sound (1 subsounds), create a sample container.
[LOG] SystemI::createSoundInternal             : creating subsound 0/1
[LOG] SystemI::createSample                    : mode 02000202 length 36000 samples, lengthbytes 15680
[LOG] SystemI::createSample                    : channels = 2
[LOG] SystemI::createSample                    : output = 000000003DA3F318
[LOG] OutputSoftware::createSample             : lengthpcm 36000, lengthbytes 15680, channels 2, format 2, freq 48000, mode 0200020a
[LOG] SystemI::createSoundInternal             : No name found in file, use filename.
[LOG] SystemI::createSoundInternal             : done.  OpenState now = FMOD_OPENSTATE_READY.

